14:47:41 **** Incremental Build of configuration Debug for project tarea_1_DMA ****
make -j8 all 
arm-none-eabi-gcc "../Core/Src/main.c" -mcpu=cortex-m4 -std=gnu11 -g3 -DDEBUG -DUSE_HAL_DRIVER -DSTM32L476xx -c -I../Core/Inc -I../Drivers/STM32L4xx_HAL_Driver/Inc -I../Drivers/STM32L4xx_HAL_Driver/Inc/Legacy -I../Drivers/CMSIS/Device/ST/STM32L4xx/Include -I../Drivers/CMSIS/Include -O0 -ffunction-sections -fdata-sections -Wall -fstack-usage -fcyclomatic-complexity -MMD -MP -MF"Core/Src/main.d" -MT"Core/Src/main.o" --specs=nano.specs -mfpu=fpv4-sp-d16 -mfloat-abi=hard -mthumb -o "Core/Src/main.o"
arm-none-eabi-gcc -o "tarea_1_DMA.elf" @"objects.list"   -mcpu=cortex-m4 -T"C:\Users\Crist\STM32CubeIDE\workspace_IPD439\tarea_1_DMA\STM32L476RGTX_FLASH.ld" --specs=nosys.specs -Wl,-Map="tarea_1_DMA.map" -Wl,--gc-sections -static --specs=nano.specs -mfpu=fpv4-sp-d16 -mfloat-abi=hard -mthumb -Wl,--start-group -lc -lm -Wl,--end-group
Finished building target: tarea_1_DMA.elf
 
arm-none-eabi-size  tarea_1_DMA.elf 
arm-none-eabi-objdump -h -S tarea_1_DMA.elf  > "tarea_1_DMA.list"
   text	   data	    bss	    dec	    hex	filename
  19216	     12	  13876	  33104	   8150	tarea_1_DMA.elf
Finished building: default.size.stdout
 
Finished building: tarea_1_DMA.list
 
15:46:34 **** Incremental Build of configuration Debug for project tarea_1_DMA ****
make -j8 all 
arm-none-eabi-gcc "../Core/Src/main.c" -mcpu=cortex-m4 -std=gnu11 -g3 -DDEBUG -DUSE_HAL_DRIVER -DSTM32L476xx -c -I../Core/Inc -I../Drivers/STM32L4xx_HAL_Driver/Inc -I../Drivers/STM32L4xx_HAL_Driver/Inc/Legacy -I../Drivers/CMSIS/Device/ST/STM32L4xx/Include -I../Drivers/CMSIS/Include -O0 -ffunction-sections -fdata-sections -Wall -fstack-usage -fcyclomatic-complexity -MMD -MP -MF"Core/Src/main.d" -MT"Core/Src/main.o" --specs=nano.specs -mfpu=fpv4-sp-d16 -mfloat-abi=hard -mthumb -o "Core/Src/main.o"
arm-none-eabi-gcc -o "tarea_1_DMA.elf" @"objects.list"   -mcpu=cortex-m4 -T"C:\Users\Crist\STM32CubeIDE\workspace_IPD439\tarea_1_DMA\STM32L476RGTX_FLASH.ld" --specs=nosys.specs -Wl,-Map="tarea_1_DMA.map" -Wl,--gc-sections -static --specs=nano.specs -mfpu=fpv4-sp-d16 -mfloat-abi=hard -mthumb -Wl,--start-group -lc -lm -Wl,--end-group
Finished building target: tarea_1_DMA.elf
 
arm-none-eabi-size  tarea_1_DMA.elf 
arm-none-eabi-objdump -h -S tarea_1_DMA.elf  > "tarea_1_DMA.list"
   text	   data	    bss	    dec	    hex	filename
  19980	     12	  13876	  33868	   844c	tarea_1_DMA.elf
Finished building: default.size.stdout
 
Finished building: tarea_1_DMA.list
 
19:20:18 **** Incremental Build of configuration Debug for project tarea_1_ADC ****
make -j8 all 
arm-none-eabi-gcc "../Core/Src/main.c" -mcpu=cortex-m4 -std=gnu11 -g3 -DDEBUG -DUSE_HAL_DRIVER -DSTM32L476xx -c -I../Core/Inc -I../Drivers/STM32L4xx_HAL_Driver/Inc -I../Drivers/STM32L4xx_HAL_Driver/Inc/Legacy -I../Drivers/CMSIS/Device/ST/STM32L4xx/Include -I../Drivers/CMSIS/Include -O0 -ffunction-sections -fdata-sections -Wall -fstack-usage -fcyclomatic-complexity -MMD -MP -MF"Core/Src/main.d" -MT"Core/Src/main.o" --specs=nano.specs -mfpu=fpv4-sp-d16 -mfloat-abi=hard -mthumb -o "Core/Src/main.o"
arm-none-eabi-gcc -o "tarea_1_ADC.elf" @"objects.list"   -mcpu=cortex-m4 -T"C:\Users\Crist\STM32CubeIDE\workspace_IPD439\tarea_1_ADC\STM32L476RGTX_FLASH.ld" --specs=nosys.specs -Wl,-Map="tarea_1_ADC.map" -Wl,--gc-sections -static --specs=nano.specs -mfpu=fpv4-sp-d16 -mfloat-abi=hard -mthumb -Wl,--start-group -lc -lm -Wl,--end-group
Finished building target: tarea_1_ADC.elf
 
arm-none-eabi-size  tarea_1_ADC.elf 
arm-none-eabi-objdump -h -S tarea_1_ADC.elf  > "tarea_1_ADC.list"
   text	   data	    bss	    dec	    hex	filename
  27164	    104	   2624	  29892	   74c4	tarea_1_ADC.elf
Finished building: default.size.stdout
 
Finished building: tarea_1_ADC.list
 
19:23:49 **** Incremental Build of configuration Debug for project tarea_1_ADC_DMA ****
make -j8 all 
arm-none-eabi-gcc "../Core/Src/main.c" -mcpu=cortex-m4 -std=gnu11 -g3 -DDEBUG -DUSE_HAL_DRIVER -DSTM32L476xx -c -I../Core/Inc -I../Drivers/STM32L4xx_HAL_Driver/Inc -I../Drivers/STM32L4xx_HAL_Driver/Inc/Legacy -I../Drivers/CMSIS/Device/ST/STM32L4xx/Include -I../Drivers/CMSIS/Include -O0 -ffunction-sections -fdata-sections -Wall -fstack-usage -fcyclomatic-complexity -MMD -MP -MF"Core/Src/main.d" -MT"Core/Src/main.o" --specs=nano.specs -mfpu=fpv4-sp-d16 -mfloat-abi=hard -mthumb -o "Core/Src/main.o"
arm-none-eabi-gcc -o "tarea_1_ADC_DMA.elf" @"objects.list"   -mcpu=cortex-m4 -T"C:\Users\Crist\STM32CubeIDE\workspace_IPD439\tarea_1_ADC_DMA\STM32L476RGTX_FLASH.ld" --specs=nosys.specs -Wl,-Map="tarea_1_ADC_DMA.map" -Wl,--gc-sections -static --specs=nano.specs -mfpu=fpv4-sp-d16 -mfloat-abi=hard -mthumb -Wl,--start-group -lc -lm -Wl,--end-group
Finished building target: tarea_1_ADC_DMA.elf
 
arm-none-eabi-size  tarea_1_ADC_DMA.elf 
arm-none-eabi-objdump -h -S tarea_1_ADC_DMA.elf  > "tarea_1_ADC_DMA.list"
   text	   data	    bss	    dec	    hex	filename
  27320	    104	   2696	  30120	   75a8	tarea_1_ADC_DMA.elf
Finished building: default.size.stdout
 
Finished building: tarea_1_ADC_DMA.list
 
19:47:09 **** Incremental Build of configuration Debug for project tarea_1_ADC ****
make -j8 all 
arm-none-eabi-gcc "../Core/Src/main.c" -mcpu=cortex-m4 -std=gnu11 -g3 -DDEBUG -DUSE_HAL_DRIVER -DSTM32L476xx -c -I../Core/Inc -I../Drivers/STM32L4xx_HAL_Driver/Inc -I../Drivers/STM32L4xx_HAL_Driver/Inc/Legacy -I../Drivers/CMSIS/Device/ST/STM32L4xx/Include -I../Drivers/CMSIS/Include -O0 -ffunction-sections -fdata-sections -Wall -fstack-usage -fcyclomatic-complexity -MMD -MP -MF"Core/Src/main.d" -MT"Core/Src/main.o" --specs=nano.specs -mfpu=fpv4-sp-d16 -mfloat-abi=hard -mthumb -o "Core/Src/main.o"
arm-none-eabi-gcc -o "tarea_1_ADC.elf" @"objects.list"   -mcpu=cortex-m4 -T"C:\Users\Crist\STM32CubeIDE\workspace_IPD439\tarea_1_ADC\STM32L476RGTX_FLASH.ld" --specs=nosys.specs -Wl,-Map="tarea_1_ADC.map" -Wl,--gc-sections -static --specs=nano.specs -mfpu=fpv4-sp-d16 -mfloat-abi=hard -mthumb -Wl,--start-group -lc -lm -Wl,--end-group
Finished building target: tarea_1_ADC.elf
 
arm-none-eabi-size  tarea_1_ADC.elf 
arm-none-eabi-objdump -h -S tarea_1_ADC.elf  > "tarea_1_ADC.list"
   text	   data	    bss	    dec	    hex	filename
  27188	    104	   2624	  29916	   74dc	tarea_1_ADC.elf
Finished building: default.size.stdout
 
Finished building: tarea_1_ADC.list
 
20:17:03 **** Incremental Build of configuration Debug for project tarea_1_DMA ****
make -j8 all 
arm-none-eabi-gcc "../Core/Src/main.c" -mcpu=cortex-m4 -std=gnu11 -g3 -DDEBUG -DUSE_HAL_DRIVER -DSTM32L476xx -c -I../Core/Inc -I../Drivers/STM32L4xx_HAL_Driver/Inc -I../Drivers/STM32L4xx_HAL_Driver/Inc/Legacy -I../Drivers/CMSIS/Device/ST/STM32L4xx/Include -I../Drivers/CMSIS/Include -O0 -ffunction-sections -fdata-sections -Wall -fstack-usage -fcyclomatic-complexity -MMD -MP -MF"Core/Src/main.d" -MT"Core/Src/main.o" --specs=nano.specs -mfpu=fpv4-sp-d16 -mfloat-abi=hard -mthumb -o "Core/Src/main.o"
arm-none-eabi-gcc -o "tarea_1_DMA.elf" @"objects.list"   -mcpu=cortex-m4 -T"C:\Users\Crist\STM32CubeIDE\workspace_IPD439\tarea_1_DMA\STM32L476RGTX_FLASH.ld" --specs=nosys.specs -Wl,-Map="tarea_1_DMA.map" -Wl,--gc-sections -static --specs=nano.specs -mfpu=fpv4-sp-d16 -mfloat-abi=hard -mthumb -Wl,--start-group -lc -lm -Wl,--end-group
Finished building target: tarea_1_DMA.elf
 
arm-none-eabi-size  tarea_1_DMA.elf 
arm-none-eabi-objdump -h -S tarea_1_DMA.elf  > "tarea_1_DMA.list"
   text	   data	    bss	    dec	    hex	filename
  19996	     12	  13876	  33884	   845c	tarea_1_DMA.elf
Finished building: default.size.stdout
 
Finished building: tarea_1_DMA.list
 
03:23:48 **** Incremental Build of configuration Debug for project tarea_1_ADC ****
make -j8 all 
arm-none-eabi-gcc "../Core/Src/main.c" -mcpu=cortex-m4 -std=gnu11 -g3 -DDEBUG -DUSE_HAL_DRIVER -DSTM32L476xx -c -I../Core/Inc -I../Drivers/STM32L4xx_HAL_Driver/Inc -I../Drivers/STM32L4xx_HAL_Driver/Inc/Legacy -I../Drivers/CMSIS/Device/ST/STM32L4xx/Include -I../Drivers/CMSIS/Include -O0 -ffunction-sections -fdata-sections -Wall -fstack-usage -fcyclomatic-complexity -MMD -MP -MF"Core/Src/main.d" -MT"Core/Src/main.o" --specs=nano.specs -mfpu=fpv4-sp-d16 -mfloat-abi=hard -mthumb -o "Core/Src/main.o"
arm-none-eabi-gcc -o "tarea_1_ADC.elf" @"objects.list"   -mcpu=cortex-m4 -T"C:\Users\Crist\STM32CubeIDE\workspace_IPD439\tarea_1_ADC\STM32L476RGTX_FLASH.ld" --specs=nosys.specs -Wl,-Map="tarea_1_ADC.map" -Wl,--gc-sections -static --specs=nano.specs -mfpu=fpv4-sp-d16 -mfloat-abi=hard -mthumb -Wl,--start-group -lc -lm -Wl,--end-group
Finished building target: tarea_1_ADC.elf
 
arm-none-eabi-size  tarea_1_ADC.elf 
arm-none-eabi-objdump -h -S tarea_1_ADC.elf  > "tarea_1_ADC.list"
   text	   data	    bss	    dec	    hex	filename
  27188	    104	   2624	  29916	   74dc	tarea_1_ADC.elf
Finished building: default.size.stdout
 
Finished building: tarea_1_ADC.list
 
03:53:28 **** Incremental Build of configuration Debug for project tarea_1_ADC_DMA ****
make -j8 all 
arm-none-eabi-size  tarea_1_ADC_DMA.elf 
   text	   data	    bss	    dec	    hex	filename
  27320	    104	   2696	  30120	   75a8	tarea_1_ADC_DMA.elf
Finished building: default.size.stdout
 
17:41:01 **** Incremental Build of configuration Debug for project tarea_1_ADC_DMA ****
make -j8 all 
arm-none-eabi-gcc "../Core/Src/main.c" -mcpu=cortex-m4 -std=gnu11 -g3 -DDEBUG -DUSE_HAL_DRIVER -DSTM32L476xx -c -I../Core/Inc -I../Drivers/STM32L4xx_HAL_Driver/Inc -I../Drivers/STM32L4xx_HAL_Driver/Inc/Legacy -I../Drivers/CMSIS/Device/ST/STM32L4xx/Include -I../Drivers/CMSIS/Include -O0 -ffunction-sections -fdata-sections -Wall -fstack-usage -fcyclomatic-complexity -MMD -MP -MF"Core/Src/main.d" -MT"Core/Src/main.o" --specs=nano.specs -mfpu=fpv4-sp-d16 -mfloat-abi=hard -mthumb -o "Core/Src/main.o"
arm-none-eabi-gcc -o "tarea_1_ADC_DMA.elf" @"objects.list"   -mcpu=cortex-m4 -T"C:\Users\Crist\STM32CubeIDE\workspace_IPD439\tarea_1_ADC_DMA\STM32L476RGTX_FLASH.ld" --specs=nosys.specs -Wl,-Map="tarea_1_ADC_DMA.map" -Wl,--gc-sections -static --specs=nano.specs -mfpu=fpv4-sp-d16 -mfloat-abi=hard -mthumb -Wl,--start-group -lc -lm -Wl,--end-group
Finished building target: tarea_1_ADC_DMA.elf
 
arm-none-eabi-size  tarea_1_ADC_DMA.elf 
arm-none-eabi-objdump -h -S tarea_1_ADC_DMA.elf  > "tarea_1_ADC_DMA.list"
   text	   data	    bss	    dec	    hex	filename
  27352	    104	   2696	  30152	   75c8	tarea_1_ADC_DMA.elf
Finished building: default.size.stdout
 
Finished building: tarea_1_ADC_DMA.list
 
17:49:09 **** Incremental Build of configuration Debug for project tarea_1_ADC_DMA ****
make -j8 all 
arm-none-eabi-size  tarea_1_ADC_DMA.elf 
   text	   data	    bss	    dec	    hex	filename
  27352	    104	   2696	  30152	   75c8	tarea_1_ADC_DMA.elf
Finished building: default.size.stdout
 
18:45:10 **** Incremental Build of configuration Debug for project tarea_1_DMA ****
make -j8 all 
arm-none-eabi-gcc "../Core/Src/main.c" -mcpu=cortex-m4 -std=gnu11 -g3 -DDEBUG -DUSE_HAL_DRIVER -DSTM32L476xx -c -I../Core/Inc -I../Drivers/STM32L4xx_HAL_Driver/Inc -I../Drivers/STM32L4xx_HAL_Driver/Inc/Legacy -I../Drivers/CMSIS/Device/ST/STM32L4xx/Include -I../Drivers/CMSIS/Include -O0 -ffunction-sections -fdata-sections -Wall -fstack-usage -fcyclomatic-complexity -MMD -MP -MF"Core/Src/main.d" -MT"Core/Src/main.o" --specs=nano.specs -mfpu=fpv4-sp-d16 -mfloat-abi=hard -mthumb -o "Core/Src/main.o"
arm-none-eabi-gcc -o "tarea_1_DMA.elf" @"objects.list"   -mcpu=cortex-m4 -T"C:\Users\Crist\STM32CubeIDE\workspace_IPD439\tarea_1_DMA\STM32L476RGTX_FLASH.ld" --specs=nosys.specs -Wl,-Map="tarea_1_DMA.map" -Wl,--gc-sections -static --specs=nano.specs -mfpu=fpv4-sp-d16 -mfloat-abi=hard -mthumb -Wl,--start-group -lc -lm -Wl,--end-group
Finished building target: tarea_1_DMA.elf
 
arm-none-eabi-size  tarea_1_DMA.elf 
arm-none-eabi-objdump -h -S tarea_1_DMA.elf  > "tarea_1_DMA.list"
   text	   data	    bss	    dec	    hex	filename
  20092	     12	  13876	  33980	   84bc	tarea_1_DMA.elf
Finished building: default.size.stdout
 
Finished building: tarea_1_DMA.list
 
18:46:17 **** Incremental Build of configuration Debug for project tarea_1_DMA ****
make -j8 all 
arm-none-eabi-size  tarea_1_DMA.elf 
   text	   data	    bss	    dec	    hex	filename
  20092	     12	  13876	  33980	   84bc	tarea_1_DMA.elf
Finished building: default.size.stdout
 
